<?xml version="1.0" encoding="UTF-8"?>
<!-- Generated by org.testng.reporters.JUnitReportReporter -->
<testsuite skipped="0" hostname="USER-PC" name="runmanager.ExecuteTestCases" tests="1" failures="0" timestamp="01 Dec 2019 05:12:44 GMT" time="52.961" errors="0">
  <testcase name="Run" time="52.961" classname="runmanager.ExecuteTestCases"/>
</testsuite> <!-- runmanager.ExecuteTestCases -->
